1 node 1 core
Starting... 1
Invalid Json Line on 6908058759

C2: 175969posts

B2: 21477posts

C3: 17075posts

B3: 6420posts

C4: 4234posts

B1: 3311posts

C5: 2613posts

D3: 2316posts

D4: 1923posts

C1: 1595posts

B4: 900posts

D5: 717posts

A2: 477posts

A3: 365posts

A1: 262posts

A4: 85posts

C-Row: 201486posts

B-Row: 32108posts

D-Row: 4956posts

A-Row: 1189posts

Column 2: 197923posts

Column 3: 26176posts

Column 4: 7142posts

Column 1: 5168posts

Column 5: 3330posts

---Total Time---
199.25012517

real	3m19.402s
user	3m13.361s
sys	0m5.905s
